2026-03-09 18:12:15 - livef1 - INFO - Starting LiveF1 live timing client
2026-03-09 18:12:17 - livef1 - INFO - Selected meeting/session is:
	Meeting Offname : FORMULA 1 QATAR AIRWAYS AUSTRALIAN GRAND PRIX 2026
	Meeting Name : Australian Grand Prix
	Meeting Circuit Shortname : Melbourne
2026-03-09 18:12:17 - livef1 - INFO - Got the meeting.
2026-03-09 18:12:17 - livef1 - INFO - Selected meeting/session is:
	session_name : Race
2026-03-09 18:12:17 - livef1 - INFO - The session was received successfully.
2026-03-09 18:12:17 - livef1 - INFO - Fetching drivers.
2026-03-09 18:12:19 - livef1 - INFO - Session results have been loaded and saved to 'session.sessionResults'.
2026-03-09 18:12:20 - livef1 - INFO - Starting grid have been loaded and saved to 'session.startingGrid'.
2026-03-09 18:12:20 - livef1 - INFO - The callback function for the SILVER table 'laps' was set.
2026-03-09 18:12:20 - livef1 - INFO - The callback function for the SILVER table 'carTelemetry' was set.
2026-03-09 18:12:20 - livef1 - INFO - The callback function for the SILVER table 'raceControlMessages' was set.
2026-03-09 18:12:20 - livef1 - INFO - Topics to be loaded : ['TrackStatus', 'Position.z', 'RaceControlMessages', 'TyreStintSeries', 'TimingData', 'track_regions', 'CarData.z', 'SessionStatus']
2026-03-09 18:12:20 - livef1 - INFO - 'TrackStatus' has been fetched and parsed
2026-03-09 18:12:22 - livef1 - INFO - 'Position.z' has been fetched and parsed
2026-03-09 18:12:22 - livef1 - INFO - 'RaceControlMessages' has been fetched and parsed
2026-03-09 18:12:23 - livef1 - INFO - 'TyreStintSeries' has been fetched and parsed
2026-03-09 18:12:24 - livef1 - INFO - 'TimingData' has been fetched and parsed
2026-03-09 18:12:26 - livef1 - INFO - 'CarData.z' has been fetched and parsed
2026-03-09 18:12:26 - livef1 - INFO - 'SessionStatus' has been fetched and parsed
2026-03-09 18:12:31 - livef1 - INFO - 'SessionData' has been fetched and parsed
2026-03-09 18:12:31 - livef1 - INFO - Silver tables are being generated.
2026-03-09 18:12:38 - livef1 - INFO - 'PitStopSeries' has been fetched and parsed
2026-03-09 18:12:39 - livef1 - INFO - 'laps' has been generated and saved to the silver lake. You can access it from 'session.laps'.
2026-03-09 18:13:00 - livef1 - INFO - 'carTelemetry' has been generated and saved to the silver lake. You can access it from 'session.carTelemetry'.
2026-03-09 18:13:00 - livef1 - INFO - 'raceControlMessages' has been generated and saved to the silver lake. You can access it from 'session.raceControlMessages'.
2026-03-09 18:13:00 - livef1 - INFO - 'DriverList' has been fetched and parsed
2026-03-09 18:13:00 - livef1 - INFO - 'WeatherData' has been fetched and parsed
2026-03-09 18:13:25 - livef1 - INFO - Starting LiveF1 live timing client
2026-03-09 18:13:27 - livef1 - INFO - Selected meeting/session is:
	Meeting Offname : FORMULA 1 QATAR AIRWAYS AUSTRALIAN GRAND PRIX 2026
	Meeting Name : Australian Grand Prix
	Meeting Circuit Shortname : Melbourne
2026-03-09 18:13:27 - livef1 - INFO - Got the meeting.
2026-03-09 18:13:27 - livef1 - INFO - Selected meeting/session is:
	session_name : Race
2026-03-09 18:13:27 - livef1 - INFO - The session was received successfully.
2026-03-09 18:13:27 - livef1 - INFO - Fetching drivers.
2026-03-09 18:13:29 - livef1 - INFO - Session results have been loaded and saved to 'session.sessionResults'.
2026-03-09 18:13:30 - livef1 - INFO - Starting grid have been loaded and saved to 'session.startingGrid'.
2026-03-09 18:13:30 - livef1 - INFO - The callback function for the SILVER table 'laps' was set.
2026-03-09 18:13:30 - livef1 - INFO - The callback function for the SILVER table 'carTelemetry' was set.
2026-03-09 18:13:30 - livef1 - INFO - The callback function for the SILVER table 'raceControlMessages' was set.
2026-03-09 18:13:30 - livef1 - INFO - Topics to be loaded : ['SessionStatus', 'TimingData', 'track_regions', 'CarData.z', 'TrackStatus', 'TyreStintSeries', 'RaceControlMessages', 'Position.z']
2026-03-09 18:13:30 - livef1 - INFO - 'SessionStatus' has been fetched and parsed
2026-03-09 18:13:32 - livef1 - INFO - 'TimingData' has been fetched and parsed
2026-03-09 18:13:36 - livef1 - INFO - 'CarData.z' has been fetched and parsed
2026-03-09 18:13:36 - livef1 - INFO - 'TrackStatus' has been fetched and parsed
2026-03-09 18:13:36 - livef1 - INFO - 'TyreStintSeries' has been fetched and parsed
2026-03-09 18:13:36 - livef1 - INFO - 'RaceControlMessages' has been fetched and parsed
2026-03-09 18:13:39 - livef1 - INFO - 'Position.z' has been fetched and parsed
2026-03-09 18:13:47 - livef1 - INFO - 'SessionData' has been fetched and parsed
2026-03-09 18:13:47 - livef1 - INFO - Silver tables are being generated.
2026-03-09 18:13:59 - livef1 - INFO - 'PitStopSeries' has been fetched and parsed
2026-03-09 18:13:59 - livef1 - INFO - 'laps' has been generated and saved to the silver lake. You can access it from 'session.laps'.
2026-03-09 18:14:32 - livef1 - INFO - 'carTelemetry' has been generated and saved to the silver lake. You can access it from 'session.carTelemetry'.
2026-03-09 18:14:33 - livef1 - INFO - 'raceControlMessages' has been generated and saved to the silver lake. You can access it from 'session.raceControlMessages'.
2026-03-09 18:14:33 - livef1 - INFO - 'DriverList' has been fetched and parsed
2026-03-09 18:14:33 - livef1 - INFO - 'WeatherData' has been fetched and parsed
2026-03-16 18:07:53 - livef1 - INFO - Starting LiveF1 live timing client
2026-03-16 18:07:55 - livef1 - INFO - Selected meeting/session is:
	Meeting Offname : FORMULA 1 QATAR AIRWAYS AUSTRALIAN GRAND PRIX 2026
	Meeting Name : Australian Grand Prix
	Meeting Circuit Shortname : Melbourne
2026-03-16 18:07:55 - livef1 - INFO - Got the meeting.
2026-03-16 18:07:55 - livef1 - INFO - Selected meeting/session is:
	session_name : Race
2026-03-16 18:07:55 - livef1 - INFO - The session was received successfully.
2026-03-16 18:07:56 - livef1 - INFO - Fetching drivers.
2026-03-16 18:07:57 - livef1 - INFO - Session results have been loaded and saved to 'session.sessionResults'.
2026-03-16 18:07:58 - livef1 - INFO - Starting grid have been loaded and saved to 'session.startingGrid'.
2026-03-16 18:07:58 - livef1 - INFO - The callback function for the SILVER table 'laps' was set.
2026-03-16 18:07:58 - livef1 - INFO - The callback function for the SILVER table 'carTelemetry' was set.
2026-03-16 18:07:58 - livef1 - INFO - The callback function for the SILVER table 'raceControlMessages' was set.
2026-03-16 18:07:58 - livef1 - INFO - Topics to be loaded : ['TyreStintSeries', 'CarData.z', 'track_regions', 'TimingData', 'RaceControlMessages', 'TrackStatus', 'SessionStatus', 'Position.z']
2026-03-16 18:07:58 - livef1 - INFO - 'TyreStintSeries' has been fetched and parsed
2026-03-16 18:08:00 - livef1 - INFO - 'CarData.z' has been fetched and parsed
2026-03-16 18:08:01 - livef1 - INFO - 'TimingData' has been fetched and parsed
2026-03-16 18:08:01 - livef1 - INFO - 'RaceControlMessages' has been fetched and parsed
2026-03-16 18:08:01 - livef1 - INFO - 'TrackStatus' has been fetched and parsed
2026-03-16 18:08:01 - livef1 - INFO - 'SessionStatus' has been fetched and parsed
2026-03-16 18:08:03 - livef1 - INFO - 'Position.z' has been fetched and parsed
2026-03-16 18:08:07 - livef1 - INFO - 'SessionData' has been fetched and parsed
2026-03-16 18:08:07 - livef1 - INFO - Silver tables are being generated.
2026-03-16 18:08:11 - livef1 - INFO - 'PitStopSeries' has been fetched and parsed
2026-03-16 18:08:11 - livef1 - INFO - 'laps' has been generated and saved to the silver lake. You can access it from 'session.laps'.
2026-03-16 18:08:26 - livef1 - INFO - 'carTelemetry' has been generated and saved to the silver lake. You can access it from 'session.carTelemetry'.
2026-03-16 18:08:26 - livef1 - INFO - 'raceControlMessages' has been generated and saved to the silver lake. You can access it from 'session.raceControlMessages'.
2026-03-16 18:08:27 - livef1 - INFO - 'DriverList' has been fetched and parsed
2026-03-16 18:08:27 - livef1 - INFO - 'WeatherData' has been fetched and parsed
2026-03-17 16:39:18 - livef1 - INFO - Starting LiveF1 live timing client
2026-03-17 16:39:21 - livef1 - INFO - Selected meeting/session is:
	Meeting Offname : FORMULA 1 QATAR AIRWAYS AUSTRALIAN GRAND PRIX 2026
	Meeting Name : Australian Grand Prix
	Meeting Circuit Shortname : Melbourne
2026-03-17 16:39:21 - livef1 - INFO - Got the meeting.
2026-03-17 16:39:21 - livef1 - INFO - Selected meeting/session is:
	session_name : Race
2026-03-17 16:39:21 - livef1 - INFO - The session was received successfully.
2026-03-17 16:39:21 - livef1 - INFO - Fetching drivers.
2026-03-17 16:39:23 - livef1 - INFO - Session results have been loaded and saved to 'session.sessionResults'.
2026-03-17 16:39:23 - livef1 - INFO - Starting grid have been loaded and saved to 'session.startingGrid'.
2026-03-17 16:39:23 - livef1 - INFO - The callback function for the SILVER table 'laps' was set.
2026-03-17 16:39:23 - livef1 - INFO - The callback function for the SILVER table 'carTelemetry' was set.
2026-03-17 16:39:23 - livef1 - INFO - The callback function for the SILVER table 'raceControlMessages' was set.
2026-03-17 16:39:23 - livef1 - INFO - Topics to be loaded : ['CarData.z', 'TrackStatus', 'SessionStatus', 'RaceControlMessages', 'Position.z', 'TimingData', 'TyreStintSeries', 'track_regions']
2026-03-17 16:39:29 - livef1 - INFO - 'CarData.z' has been fetched and parsed
2026-03-17 16:39:30 - livef1 - INFO - 'TrackStatus' has been fetched and parsed
2026-03-17 16:39:30 - livef1 - INFO - 'SessionStatus' has been fetched and parsed
2026-03-17 16:39:30 - livef1 - INFO - 'RaceControlMessages' has been fetched and parsed
2026-03-17 16:39:50 - livef1 - INFO - 'Position.z' has been fetched and parsed
2026-03-17 16:39:54 - livef1 - INFO - 'TimingData' has been fetched and parsed
2026-03-17 16:39:55 - livef1 - INFO - 'TyreStintSeries' has been fetched and parsed
2026-03-17 16:40:06 - livef1 - INFO - 'SessionData' has been fetched and parsed
2026-03-17 16:40:06 - livef1 - INFO - Silver tables are being generated.
2026-03-17 16:40:10 - livef1 - INFO - 'PitStopSeries' has been fetched and parsed
2026-03-17 16:40:10 - livef1 - INFO - 'laps' has been generated and saved to the silver lake. You can access it from 'session.laps'.
2026-03-17 16:41:01 - livef1 - INFO - 'carTelemetry' has been generated and saved to the silver lake. You can access it from 'session.carTelemetry'.
2026-03-17 16:41:01 - livef1 - INFO - 'raceControlMessages' has been generated and saved to the silver lake. You can access it from 'session.raceControlMessages'.
2026-03-17 16:41:02 - livef1 - INFO - 'DriverList' has been fetched and parsed
2026-03-17 16:41:02 - livef1 - INFO - 'WeatherData' has been fetched and parsed
