2026-03-09 13:43:53 - livef1 - INFO - Starting LiveF1 live timing client
2026-03-09 13:53:31 - livef1 - INFO - Starting LiveF1 live timing client
2026-03-09 13:54:01 - livef1 - INFO - Selected meeting/session is:
	Meeting Offname : FORMULA 1 ETIHAD AIRWAYS ABU DHABI GRAND PRIX 2024
	Meeting Name : Abu Dhabi Grand Prix
	Meeting Circuit Shortname : Yas Marina Circuit
2026-03-09 13:54:01 - livef1 - INFO - Got the meeting.
2026-03-09 13:54:01 - livef1 - INFO - Selected meeting/session is:
	session_name : Race
2026-03-09 13:54:01 - livef1 - INFO - The session was received successfully.
2026-03-09 13:54:02 - livef1 - INFO - Fetching drivers.
2026-03-09 13:54:08 - livef1 - INFO - Session results have been loaded and saved to 'session.sessionResults'.
2026-03-09 13:54:10 - livef1 - INFO - Starting grid have been loaded and saved to 'session.startingGrid'.
2026-03-09 13:54:10 - livef1 - INFO - The callback function for the SILVER table 'laps' was set.
2026-03-09 13:54:10 - livef1 - INFO - The callback function for the SILVER table 'carTelemetry' was set.
2026-03-09 13:54:10 - livef1 - INFO - The callback function for the SILVER table 'raceControlMessages' was set.
2026-03-09 13:54:10 - livef1 - INFO - Topics to be loaded : ['SessionStatus', 'RaceControlMessages', 'Position.z', 'TyreStintSeries', 'track_regions', 'CarData.z', 'TrackStatus', 'TimingData']
2026-03-09 13:54:11 - livef1 - INFO - 'SessionStatus' has been fetched and parsed
2026-03-09 13:54:12 - livef1 - INFO - 'RaceControlMessages' has been fetched and parsed
2026-03-09 13:54:17 - livef1 - INFO - 'Position.z' has been fetched and parsed
2026-03-09 13:54:18 - livef1 - INFO - 'TyreStintSeries' has been fetched and parsed
2026-03-09 13:54:24 - livef1 - INFO - 'CarData.z' has been fetched and parsed
2026-03-09 13:54:25 - livef1 - INFO - 'TrackStatus' has been fetched and parsed
2026-03-09 13:54:28 - livef1 - INFO - 'TimingData' has been fetched and parsed
2026-03-09 13:54:37 - livef1 - INFO - 'SessionData' has been fetched and parsed
2026-03-09 13:54:37 - livef1 - INFO - Silver tables are being generated.
2026-03-09 13:54:47 - livef1 - INFO - 'PitStopSeries' has been fetched and parsed
2026-03-09 13:54:47 - livef1 - INFO - 'laps' has been generated and saved to the silver lake. You can access it from 'session.laps'.
2026-03-09 13:55:48 - livef1 - INFO - 'carTelemetry' has been generated and saved to the silver lake. You can access it from 'session.carTelemetry'.
2026-03-09 13:55:48 - livef1 - INFO - 'raceControlMessages' has been generated and saved to the silver lake. You can access it from 'session.raceControlMessages'.
2026-03-09 13:55:50 - livef1 - INFO - 'DriverList' has been fetched and parsed
2026-03-09 13:55:51 - livef1 - INFO - 'WeatherData' has been fetched and parsed
2026-03-09 14:50:10 - livef1 - INFO - Selected meeting/session is:
	Meeting Offname : FORMULA 1 QATAR AIRWAYS AUSTRALIAN GRAND PRIX 2026
	Meeting Name : Australian Grand Prix
	Meeting Circuit Shortname : Melbourne
2026-03-09 14:50:10 - livef1 - INFO - Got the meeting.
2026-03-09 14:50:10 - livef1 - INFO - Selected meeting/session is:
	session_name : Race
2026-03-09 14:50:10 - livef1 - INFO - The session was received successfully.
2026-03-09 14:50:11 - livef1 - INFO - Fetching drivers.
2026-03-09 14:50:15 - livef1 - INFO - Session results have been loaded and saved to 'session.sessionResults'.
2026-03-09 14:50:16 - livef1 - INFO - Starting grid have been loaded and saved to 'session.startingGrid'.
2026-03-09 14:50:16 - livef1 - INFO - The callback function for the SILVER table 'laps' was set.
2026-03-09 14:50:16 - livef1 - INFO - The callback function for the SILVER table 'carTelemetry' was set.
2026-03-09 14:50:16 - livef1 - INFO - The callback function for the SILVER table 'raceControlMessages' was set.
2026-03-09 14:50:16 - livef1 - INFO - Topics to be loaded : ['SessionStatus', 'Position.z', 'RaceControlMessages', 'TimingData', 'CarData.z', 'track_regions', 'TrackStatus', 'TyreStintSeries']
2026-03-09 14:50:16 - livef1 - INFO - 'SessionStatus' has been fetched and parsed
2026-03-09 14:50:18 - livef1 - INFO - 'Position.z' has been fetched and parsed
2026-03-09 14:50:19 - livef1 - INFO - 'RaceControlMessages' has been fetched and parsed
2026-03-09 14:50:20 - livef1 - INFO - 'TimingData' has been fetched and parsed
2026-03-09 14:50:23 - livef1 - INFO - 'CarData.z' has been fetched and parsed
2026-03-09 14:50:23 - livef1 - INFO - 'TrackStatus' has been fetched and parsed
2026-03-09 14:50:24 - livef1 - INFO - 'TyreStintSeries' has been fetched and parsed
2026-03-09 14:50:28 - livef1 - INFO - 'SessionData' has been fetched and parsed
2026-03-09 14:50:28 - livef1 - INFO - Silver tables are being generated.
2026-03-09 14:50:38 - livef1 - INFO - 'PitStopSeries' has been fetched and parsed
2026-03-09 14:50:39 - livef1 - INFO - 'laps' has been generated and saved to the silver lake. You can access it from 'session.laps'.
2026-03-09 14:51:03 - livef1 - INFO - 'carTelemetry' has been generated and saved to the silver lake. You can access it from 'session.carTelemetry'.
2026-03-09 14:51:03 - livef1 - INFO - 'raceControlMessages' has been generated and saved to the silver lake. You can access it from 'session.raceControlMessages'.
